{"/Users/jakeshams/Code/ProductCollege/FEW/few21/inclass/fizz-buzz-jest/index.js": {"path":"/Users/jakeshams/Code/ProductCollege/FEW/few21/inclass/fizz-buzz-jest/index.js","statementMap":{"0":{"start":{"line":4,"column":13},"end":{"line":4,"column":19}},"1":{"start":{"line":5,"column":13},"end":{"line":5,"column":19}},"2":{"start":{"line":6,"column":17},"end":{"line":6,"column":27}},"3":{"start":{"line":14,"column":4},"end":{"line":14,"column":22}},"4":{"start":{"line":23,"column":4},"end":{"line":23,"column":22}},"5":{"start":{"line":32,"column":17},"end":{"line":32,"column":19}},"6":{"start":{"line":33,"column":4},"end":{"line":33,"column":38}},"7":{"start":{"line":33,"column":22},"end":{"line":33,"column":36}},"8":{"start":{"line":34,"column":4},"end":{"line":34,"column":38}},"9":{"start":{"line":34,"column":22},"end":{"line":34,"column":36}},"10":{"start":{"line":35,"column":4},"end":{"line":35,"column":17}},"11":{"start":{"line":44,"column":17},"end":{"line":44,"column":57}},"12":{"start":{"line":45,"column":4},"end":{"line":58,"column":5}},"13":{"start":{"line":45,"column":17},"end":{"line":45,"column":18}},"14":{"start":{"line":46,"column":20},"end":{"line":46,"column":33}},"15":{"start":{"line":47,"column":8},"end":{"line":57,"column":9}},"16":{"start":{"line":49,"column":16},"end":{"line":49,"column":32}},"17":{"start":{"line":50,"column":16},"end":{"line":50,"column":21}},"18":{"start":{"line":52,"column":16},"end":{"line":52,"column":32}},"19":{"start":{"line":53,"column":16},"end":{"line":53,"column":21}},"20":{"start":{"line":55,"column":16},"end":{"line":55,"column":36}},"21":{"start":{"line":56,"column":16},"end":{"line":56,"column":21}},"22":{"start":{"line":59,"column":4},"end":{"line":59,"column":17}},"23":{"start":{"line":62,"column":0},"end":{"line":62,"column":26}},"24":{"start":{"line":63,"column":0},"end":{"line":63,"column":32}},"25":{"start":{"line":64,"column":0},"end":{"line":64,"column":32}},"26":{"start":{"line":65,"column":0},"end":{"line":65,"column":38}},"27":{"start":{"line":66,"column":0},"end":{"line":66,"column":34}},"28":{"start":{"line":67,"column":0},"end":{"line":67,"column":26}},"29":{"start":{"line":68,"column":0},"end":{"line":68,"column":26}},"30":{"start":{"line":69,"column":0},"end":{"line":69,"column":34}}},"fnMap":{"0":{"name":"isFizzy","decl":{"start":{"line":13,"column":9},"end":{"line":13,"column":16}},"loc":{"start":{"line":13,"column":20},"end":{"line":15,"column":1}},"line":13},"1":{"name":"isBuzzy","decl":{"start":{"line":22,"column":9},"end":{"line":22,"column":16}},"loc":{"start":{"line":22,"column":20},"end":{"line":24,"column":1}},"line":22},"2":{"name":"fizzyBuzzy","decl":{"start":{"line":31,"column":9},"end":{"line":31,"column":19}},"loc":{"start":{"line":31,"column":23},"end":{"line":36,"column":1}},"line":31},"3":{"name":"fizzBuzz","decl":{"start":{"line":43,"column":9},"end":{"line":43,"column":17}},"loc":{"start":{"line":43,"column":25},"end":{"line":60,"column":1}},"line":43}},"branchMap":{"0":{"loc":{"start":{"line":33,"column":4},"end":{"line":33,"column":38}},"type":"if","locations":[{"start":{"line":33,"column":4},"end":{"line":33,"column":38}},{"start":{"line":33,"column":4},"end":{"line":33,"column":38}}],"line":33},"1":{"loc":{"start":{"line":34,"column":4},"end":{"line":34,"column":38}},"type":"if","locations":[{"start":{"line":34,"column":4},"end":{"line":34,"column":38}},{"start":{"line":34,"column":4},"end":{"line":34,"column":38}}],"line":34},"2":{"loc":{"start":{"line":47,"column":8},"end":{"line":57,"column":9}},"type":"switch","locations":[{"start":{"line":48,"column":12},"end":{"line":50,"column":21}},{"start":{"line":51,"column":12},"end":{"line":53,"column":21}},{"start":{"line":54,"column":12},"end":{"line":56,"column":21}}],"line":47}},"s":{"0":1,"1":1,"2":1,"3":133,"4":133,"5":128,"6":128,"7":41,"8":128,"9":26,"10":128,"11":4,"12":4,"13":4,"14":123,"15":123,"16":32,"17":32,"18":17,"19":17,"20":7,"21":7,"22":4,"23":1,"24":1,"25":1,"26":1,"27":1,"28":1,"29":1,"30":1},"f":{"0":133,"1":133,"2":128,"3":4},"b":{"0":[41,87],"1":[26,102],"2":[32,17,7]},"_coverageSchema":"43e27e138ebf9cfc5966b082cf9a028302ed4184","hash":"17e5eb52b209a0ae2434e579c9cddd00cc61b59d"}
}
