TN:
SF:/Users/jakeshams/Code/ProductCollege/FEW/few21/inclass/fizz-buzz-jest/index.js
FN:13,isFizzy
FN:22,isBuzzy
FN:31,fizzyBuzzy
FN:43,fizzBuzz
FNF:4
FNH:4
FNDA:133,isFizzy
FNDA:133,isBuzzy
FNDA:128,fizzyBuzzy
FNDA:4,fizzBuzz
DA:4,1
DA:5,1
DA:6,1
DA:14,133
DA:23,133
DA:32,128
DA:33,128
DA:34,128
DA:35,128
DA:44,4
DA:45,4
DA:46,123
DA:47,123
DA:49,32
DA:50,32
DA:52,17
DA:53,17
DA:55,7
DA:56,7
DA:59,4
DA:62,1
DA:63,1
DA:64,1
DA:65,1
DA:66,1
DA:67,1
DA:68,1
DA:69,1
LF:28
LH:28
BRDA:33,0,0,41
BRDA:33,0,1,87
BRDA:34,1,0,26
BRDA:34,1,1,102
BRDA:47,2,0,32
BRDA:47,2,1,17
BRDA:47,2,2,7
BRF:7
BRH:7
end_of_record
